[debug] [2020-05-23T07:20:05.347Z] ----------------------------------------------------------------------
[debug] [2020-05-23T07:20:05.349Z] Command:       C:\Program Files\nodejs\node.exe C:\Users\lpwra\AppData\Roaming\npm\node_modules\firebase-tools\lib\bin\firebase.js serve
[debug] [2020-05-23T07:20:05.350Z] CLI Version:   8.4.0
[debug] [2020-05-23T07:20:05.350Z] Platform:      win32
[debug] [2020-05-23T07:20:05.350Z] Node Version:  v14.1.0
[debug] [2020-05-23T07:20:05.351Z] Time:          Sat May 23 2020 12:50:05 GMT+0530 (India Standard Time)
[debug] [2020-05-23T07:20:05.352Z] ----------------------------------------------------------------------
[debug] [2020-05-23T07:20:05.352Z] 
[debug] [2020-05-23T07:20:05.363Z] > command requires scopes: ["email","openid","https://www.googleapis.com/auth/cloudplatformprojects.readonly","https://www.googleapis.com/auth/firebase","https://www.googleapis.com/auth/cloud-platform"]
[debug] [2020-05-23T07:20:05.364Z] > authorizing via signed-in user
[debug] [2020-05-23T07:20:05.364Z] [iam] checking project final-year-project-a89ff for permissions ["firebase.projects.get"]
[debug] [2020-05-23T07:20:05.368Z] >>> HTTP REQUEST POST https://cloudresourcemanager.googleapis.com/v1/projects/final-year-project-a89ff:testIamPermissions  
 {"permissions":["firebase.projects.get"]}
[debug] [2020-05-23T07:20:05.976Z] <<< HTTP RESPONSE 200 {"content-type":"application/json; charset=UTF-8","vary":"X-Origin, Referer, Origin,Accept-Encoding","date":"Sat, 23 May 2020 07:20:08 GMT","server":"ESF","cache-control":"private","x-xss-protection":"0","x-frame-options":"SAMEORIGIN","x-content-type-options":"nosniff","server-timing":"gfet4t7; dur=262","alt-svc":"h3-27=\":443\"; ma=2592000,h3-25=\":443\"; ma=2592000,h3-T050=\":443\"; ma=2592000,h3-Q050=\":443\"; ma=2592000,h3-Q049=\":443\"; ma=2592000,h3-Q048=\":443\"; ma=2592000,h3-Q046=\":443\"; ma=2592000,h3-Q043=\":443\"; ma=2592000,quic=\":443\"; ma=2592000; v=\"46,43\"","accept-ranges":"none","transfer-encoding":"chunked"}
[debug] [2020-05-23T07:20:05.984Z] >>> HTTP REQUEST GET https://firebase.googleapis.com/v1beta1/projects/final-year-project-a89ff  
 
[debug] [2020-05-23T07:20:06.521Z] <<< HTTP RESPONSE 200 {"content-type":"application/json; charset=UTF-8","vary":"X-Origin, Referer, Origin,Accept-Encoding","date":"Sat, 23 May 2020 07:20:09 GMT","server":"ESF","cache-control":"private","x-xss-protection":"0","x-frame-options":"SAMEORIGIN","x-content-type-options":"nosniff","alt-svc":"h3-27=\":443\"; ma=2592000,h3-25=\":443\"; ma=2592000,h3-T050=\":443\"; ma=2592000,h3-Q050=\":443\"; ma=2592000,h3-Q049=\":443\"; ma=2592000,h3-Q048=\":443\"; ma=2592000,h3-Q046=\":443\"; ma=2592000,h3-Q043=\":443\"; ma=2592000,quic=\":443\"; ma=2592000; v=\"46,43\"","accept-ranges":"none","transfer-encoding":"chunked"}
[info] 
[info] === Serving from 'E:\final year adming portal'...
[info] 
[debug] [2020-05-23T07:20:06.550Z] >>> HTTP REQUEST GET https://firebase.googleapis.com/v1beta1/projects/final-year-project-a89ff/webApps/-/config  
 
[debug] [2020-05-23T07:20:07.562Z] <<< HTTP RESPONSE 200 {"content-type":"application/json; charset=UTF-8","vary":"X-Origin, Referer, Origin,Accept-Encoding","date":"Sat, 23 May 2020 07:20:10 GMT","server":"ESF","cache-control":"private","x-xss-protection":"0","x-frame-options":"SAMEORIGIN","x-content-type-options":"nosniff","alt-svc":"h3-27=\":443\"; ma=2592000,h3-25=\":443\"; ma=2592000,h3-T050=\":443\"; ma=2592000,h3-Q050=\":443\"; ma=2592000,h3-Q049=\":443\"; ma=2592000,h3-Q048=\":443\"; ma=2592000,h3-Q046=\":443\"; ma=2592000,h3-Q043=\":443\"; ma=2592000,quic=\":443\"; ma=2592000; v=\"46,43\"","accept-ranges":"none","transfer-encoding":"chunked"}
[info] i  hosting: Serving hosting files from: public {"metadata":{"emulator":{"name":"hosting"},"message":"Serving hosting files from: \u001b[1mpublic\u001b[22m"}}
[info] +  hosting: Local server: http://localhost:5000 {"metadata":{"emulator":{"name":"hosting"},"message":"Local server: \u001b[4m\u001b[1mhttp://localhost:5000\u001b[22m\u001b[24m"}}
[warn] !  Your requested "node" version "8" doesn't match your global version "14" {"metadata":{"emulator":{"name":"functions"},"message":"Your requested \"node\" version \"8\" doesn't match your global version \"14\""}}
[info] i  functions: Watching "E:\final year adming portal\functions" for Cloud Functions... {"metadata":{"emulator":{"name":"functions"},"message":"Watching \"E:\\final year adming portal\\functions\" for Cloud Functions..."}}
[debug] [2020-05-23T07:20:08.699Z] [worker-pool] addWorker(~diagnostic~) {"metadata":{"emulator":{"name":"functions"},"message":"[worker-pool] addWorker(~diagnostic~)"}}
[debug] [2020-05-23T07:20:08.700Z] [worker-pool] Adding worker with key ~diagnostic~, total=1 {"metadata":{"emulator":{"name":"functions"},"message":"[worker-pool] Adding worker with key ~diagnostic~, total=1"}}
[debug] [2020-05-23T07:20:08.700Z] [worker-pool] submitWork(triggerId=) {"metadata":{"emulator":{"name":"functions"},"message":"[worker-pool] submitWork(triggerId=)"}}
[debug] [2020-05-23T07:20:08.701Z] [worker-~diagnostic~-0ebc34a8-ecf3-4670-831f-5483175bc203]: Assigning socketPath: \\?\pipe\E:\final year adming portal\functions\15252 {"metadata":{"emulator":{"name":"functions"},"message":"[worker-~diagnostic~-0ebc34a8-ecf3-4670-831f-5483175bc203]: Assigning socketPath: \\\\?\\pipe\\E:\\final year adming portal\\functions\\15252"}}
[debug] [2020-05-23T07:20:08.701Z] [worker-~diagnostic~-0ebc34a8-ecf3-4670-831f-5483175bc203]: BUSY {"metadata":{"emulator":{"name":"functions"},"message":"[worker-~diagnostic~-0ebc34a8-ecf3-4670-831f-5483175bc203]: BUSY"}}
[debug] [2020-05-23T07:20:09.392Z] [runtime-status] [15252] Functions runtime initialized. {"cwd":"E:\\final year adming portal\\functions","node_version":"14.1.0"} {"metadata":{"emulator":{"name":"functions"},"message":"[runtime-status] [15252] Functions runtime initialized. {\"cwd\":\"E:\\\\final year adming portal\\\\functions\",\"node_version\":\"14.1.0\"}"}}
[debug] [2020-05-23T07:20:09.393Z] [runtime-status] [15252] Disabled runtime features: undefined {"metadata":{"emulator":{"name":"functions"},"message":"[runtime-status] [15252] Disabled runtime features: undefined"}}
[debug] [2020-05-23T07:20:09.397Z] [runtime-status] [15252] Resolved module firebase-admin {"declared":true,"installed":true,"version":"8.12.1","resolution":"E:\\final year adming portal\\functions\\node_modules\\firebase-admin\\lib\\index.js"} {"metadata":{"emulator":{"name":"functions"},"message":"[runtime-status] [15252] Resolved module firebase-admin {\"declared\":true,\"installed\":true,\"version\":\"8.12.1\",\"resolution\":\"E:\\\\final year adming portal\\\\functions\\\\node_modules\\\\firebase-admin\\\\lib\\\\index.js\"}"}}
[debug] [2020-05-23T07:20:09.399Z] [runtime-status] [15252] Resolved module firebase-functions {"declared":true,"installed":true,"version":"3.6.1","resolution":"E:\\final year adming portal\\functions\\node_modules\\firebase-functions\\lib\\index.js"} {"metadata":{"emulator":{"name":"functions"},"message":"[runtime-status] [15252] Resolved module firebase-functions {\"declared\":true,\"installed\":true,\"version\":\"3.6.1\",\"resolution\":\"E:\\\\final year adming portal\\\\functions\\\\node_modules\\\\firebase-functions\\\\lib\\\\index.js\"}"}}
[debug] [2020-05-23T07:20:09.402Z] [runtime-status] [15252] Outgoing network have been stubbed. [{"name":"http","status":"mocked"},{"name":"http","status":"mocked"},{"name":"https","status":"mocked"},{"name":"https","status":"mocked"},{"name":"net","status":"mocked"}] {"metadata":{"emulator":{"name":"functions"},"message":"[runtime-status] [15252] Outgoing network have been stubbed. [{\"name\":\"http\",\"status\":\"mocked\"},{\"name\":\"http\",\"status\":\"mocked\"},{\"name\":\"https\",\"status\":\"mocked\"},{\"name\":\"https\",\"status\":\"mocked\"},{\"name\":\"net\",\"status\":\"mocked\"}]"}}
[debug] [2020-05-23T07:20:09.456Z] [runtime-status] [15252] Checked functions.config() {"config":{}} {"metadata":{"emulator":{"name":"functions"},"message":"[runtime-status] [15252] Checked functions.config() {\"config\":{}}"}}
[debug] [2020-05-23T07:20:09.457Z] [runtime-status] [15252] Resolved module firebase-functions {"declared":true,"installed":true,"version":"3.6.1","resolution":"E:\\final year adming portal\\functions\\node_modules\\firebase-functions\\lib\\index.js"} {"metadata":{"emulator":{"name":"functions"},"message":"[runtime-status] [15252] Resolved module firebase-functions {\"declared\":true,\"installed\":true,\"version\":\"3.6.1\",\"resolution\":\"E:\\\\final year adming portal\\\\functions\\\\node_modules\\\\firebase-functions\\\\lib\\\\index.js\"}"}}
[debug] [2020-05-23T07:20:09.459Z] [runtime-status] [15252] Resolved module firebase-admin {"declared":true,"installed":true,"version":"8.12.1","resolution":"E:\\final year adming portal\\functions\\node_modules\\firebase-admin\\lib\\index.js"} {"metadata":{"emulator":{"name":"functions"},"message":"[runtime-status] [15252] Resolved module firebase-admin {\"declared\":true,\"installed\":true,\"version\":\"8.12.1\",\"resolution\":\"E:\\\\final year adming portal\\\\functions\\\\node_modules\\\\firebase-admin\\\\lib\\\\index.js\"}"}}
[debug] [2020-05-23T07:20:09.459Z] [runtime-status] [15252] Resolved module firebase-functions {"declared":true,"installed":true,"version":"3.6.1","resolution":"E:\\final year adming portal\\functions\\node_modules\\firebase-functions\\lib\\index.js"} {"metadata":{"emulator":{"name":"functions"},"message":"[runtime-status] [15252] Resolved module firebase-functions {\"declared\":true,\"installed\":true,\"version\":\"3.6.1\",\"resolution\":\"E:\\\\final year adming portal\\\\functions\\\\node_modules\\\\firebase-functions\\\\lib\\\\index.js\"}"}}
[debug] [2020-05-23T07:20:09.460Z] [runtime-status] [15252] firebase-admin has been stubbed. {"adminResolution":{"declared":true,"installed":true,"version":"8.12.1","resolution":"E:\\final year adming portal\\functions\\node_modules\\firebase-admin\\lib\\index.js"}} {"metadata":{"emulator":{"name":"functions"},"message":"[runtime-status] [15252] firebase-admin has been stubbed. {\"adminResolution\":{\"declared\":true,\"installed\":true,\"version\":\"8.12.1\",\"resolution\":\"E:\\\\final year adming portal\\\\functions\\\\node_modules\\\\firebase-admin\\\\lib\\\\index.js\"}}"}}
[info] +  functions[app]: http function initialized (http://localhost:5001/final-year-project-a89ff/us-central1/app). {"metadata":{"emulator":{"name":"functions"},"message":"\u001b[1mhttp\u001b[22m function initialized (http://localhost:5001/final-year-project-a89ff/us-central1/app)."}}
[debug] [2020-05-23T07:20:09.634Z] [worker-~diagnostic~-0ebc34a8-ecf3-4670-831f-5483175bc203]: IDLE {"metadata":{"emulator":{"name":"functions"},"message":"[worker-~diagnostic~-0ebc34a8-ecf3-4670-831f-5483175bc203]: IDLE"}}
[info] [hosting] Rewriting / to http://localhost:5001/final-year-project-a89ff/us-central1/app for local Function app
[debug] [2020-05-23T07:20:19.124Z] [work-queue] {"queueLength":1,"workRunningCount":0}
[debug] [2020-05-23T07:20:19.125Z] [work-queue] {"queueLength":0,"workRunningCount":1}
[debug] [2020-05-23T07:20:19.126Z] Accepted request GET /final-year-project-a89ff/us-central1/app/ --> app
[debug] [2020-05-23T07:20:19.210Z] [worker-pool] addWorker(app) {"metadata":{"emulator":{"name":"functions"},"message":"[worker-pool] addWorker(app)"}}
[debug] [2020-05-23T07:20:19.211Z] [worker-pool] Adding worker with key app, total=1 {"metadata":{"emulator":{"name":"functions"},"message":"[worker-pool] Adding worker with key app, total=1"}}
[debug] [2020-05-23T07:20:19.211Z] [worker-pool] submitWork(triggerId=app) {"metadata":{"emulator":{"name":"functions"},"message":"[worker-pool] submitWork(triggerId=app)"}}
[debug] [2020-05-23T07:20:19.212Z] [worker-app-435181c5-4fdb-4355-aeaf-f94b80616361]: Assigning socketPath: \\?\pipe\E:\final year adming portal\functions\2136 {"metadata":{"emulator":{"name":"functions"},"message":"[worker-app-435181c5-4fdb-4355-aeaf-f94b80616361]: Assigning socketPath: \\\\?\\pipe\\E:\\final year adming portal\\functions\\2136"}}
[debug] [2020-05-23T07:20:19.212Z] [worker-app-435181c5-4fdb-4355-aeaf-f94b80616361]: BUSY {"metadata":{"emulator":{"name":"functions"},"message":"[worker-app-435181c5-4fdb-4355-aeaf-f94b80616361]: BUSY"}}
[debug] [2020-05-23T07:20:19.877Z] [runtime-status] [2136] Functions runtime initialized. {"cwd":"E:\\final year adming portal\\functions","node_version":"14.1.0"} {"metadata":{"emulator":{"name":"functions"},"function":{"name":"app"},"message":"[runtime-status] [2136] Functions runtime initialized. {\"cwd\":\"E:\\\\final year adming portal\\\\functions\",\"node_version\":\"14.1.0\"}"}}
[debug] [2020-05-23T07:20:19.879Z] [runtime-status] [2136] Disabled runtime features: undefined {"metadata":{"emulator":{"name":"functions"},"function":{"name":"app"},"message":"[runtime-status] [2136] Disabled runtime features: undefined"}}
[debug] [2020-05-23T07:20:19.883Z] [runtime-status] [2136] Resolved module firebase-admin {"declared":true,"installed":true,"version":"8.12.1","resolution":"E:\\final year adming portal\\functions\\node_modules\\firebase-admin\\lib\\index.js"} {"metadata":{"emulator":{"name":"functions"},"function":{"name":"app"},"message":"[runtime-status] [2136] Resolved module firebase-admin {\"declared\":true,\"installed\":true,\"version\":\"8.12.1\",\"resolution\":\"E:\\\\final year adming portal\\\\functions\\\\node_modules\\\\firebase-admin\\\\lib\\\\index.js\"}"}}
[debug] [2020-05-23T07:20:19.885Z] [runtime-status] [2136] Resolved module firebase-functions {"declared":true,"installed":true,"version":"3.6.1","resolution":"E:\\final year adming portal\\functions\\node_modules\\firebase-functions\\lib\\index.js"} {"metadata":{"emulator":{"name":"functions"},"function":{"name":"app"},"message":"[runtime-status] [2136] Resolved module firebase-functions {\"declared\":true,\"installed\":true,\"version\":\"3.6.1\",\"resolution\":\"E:\\\\final year adming portal\\\\functions\\\\node_modules\\\\firebase-functions\\\\lib\\\\index.js\"}"}}
[debug] [2020-05-23T07:20:19.888Z] [runtime-status] [2136] Outgoing network have been stubbed. [{"name":"http","status":"mocked"},{"name":"http","status":"mocked"},{"name":"https","status":"mocked"},{"name":"https","status":"mocked"},{"name":"net","status":"mocked"}] {"metadata":{"emulator":{"name":"functions"},"function":{"name":"app"},"message":"[runtime-status] [2136] Outgoing network have been stubbed. [{\"name\":\"http\",\"status\":\"mocked\"},{\"name\":\"http\",\"status\":\"mocked\"},{\"name\":\"https\",\"status\":\"mocked\"},{\"name\":\"https\",\"status\":\"mocked\"},{\"name\":\"net\",\"status\":\"mocked\"}]"}}
[debug] [2020-05-23T07:20:19.952Z] [runtime-status] [2136] Checked functions.config() {"config":{}} {"metadata":{"emulator":{"name":"functions"},"function":{"name":"app"},"message":"[runtime-status] [2136] Checked functions.config() {\"config\":{}}"}}
[debug] [2020-05-23T07:20:19.953Z] [runtime-status] [2136] Resolved module firebase-functions {"declared":true,"installed":true,"version":"3.6.1","resolution":"E:\\final year adming portal\\functions\\node_modules\\firebase-functions\\lib\\index.js"} {"metadata":{"emulator":{"name":"functions"},"function":{"name":"app"},"message":"[runtime-status] [2136] Resolved module firebase-functions {\"declared\":true,\"installed\":true,\"version\":\"3.6.1\",\"resolution\":\"E:\\\\final year adming portal\\\\functions\\\\node_modules\\\\firebase-functions\\\\lib\\\\index.js\"}"}}
[debug] [2020-05-23T07:20:19.955Z] [runtime-status] [2136] Resolved module firebase-admin {"declared":true,"installed":true,"version":"8.12.1","resolution":"E:\\final year adming portal\\functions\\node_modules\\firebase-admin\\lib\\index.js"} {"metadata":{"emulator":{"name":"functions"},"function":{"name":"app"},"message":"[runtime-status] [2136] Resolved module firebase-admin {\"declared\":true,\"installed\":true,\"version\":\"8.12.1\",\"resolution\":\"E:\\\\final year adming portal\\\\functions\\\\node_modules\\\\firebase-admin\\\\lib\\\\index.js\"}"}}
[debug] [2020-05-23T07:20:19.956Z] [runtime-status] [2136] Resolved module firebase-functions {"declared":true,"installed":true,"version":"3.6.1","resolution":"E:\\final year adming portal\\functions\\node_modules\\firebase-functions\\lib\\index.js"} {"metadata":{"emulator":{"name":"functions"},"function":{"name":"app"},"message":"[runtime-status] [2136] Resolved module firebase-functions {\"declared\":true,\"installed\":true,\"version\":\"3.6.1\",\"resolution\":\"E:\\\\final year adming portal\\\\functions\\\\node_modules\\\\firebase-functions\\\\lib\\\\index.js\"}"}}
[debug] [2020-05-23T07:20:19.956Z] [runtime-status] [2136] firebase-admin has been stubbed. {"adminResolution":{"declared":true,"installed":true,"version":"8.12.1","resolution":"E:\\final year adming portal\\functions\\node_modules\\firebase-admin\\lib\\index.js"}} {"metadata":{"emulator":{"name":"functions"},"function":{"name":"app"},"message":"[runtime-status] [2136] firebase-admin has been stubbed. {\"adminResolution\":{\"declared\":true,\"installed\":true,\"version\":\"8.12.1\",\"resolution\":\"E:\\\\final year adming portal\\\\functions\\\\node_modules\\\\firebase-admin\\\\lib\\\\index.js\"}}"}}
[debug] [2020-05-23T07:20:20.108Z] [runtime-status] [2136] Trigger "app" has been found, beginning invocation! {"metadata":{"emulator":{"name":"functions"},"function":{"name":"app"},"message":"[runtime-status] [2136] Trigger \"app\" has been found, beginning invocation!"}}
[info] i  functions: Beginning execution of "app" {"metadata":{"emulator":{"name":"functions"},"function":{"name":"app"},"message":"Beginning execution of \"app\""}}
[debug] [2020-05-23T07:20:20.115Z] [runtime-status] [2136] triggerDefinition {"httpsTrigger":{},"name":"app","entryPoint":"app"} {"metadata":{"emulator":{"name":"functions"},"function":{"name":"app"},"message":"[runtime-status] [2136] triggerDefinition {\"httpsTrigger\":{},\"name\":\"app\",\"entryPoint\":\"app\"}"}}
[debug] [2020-05-23T07:20:20.116Z] [runtime-status] [2136] Running app in mode HTTPS {"metadata":{"emulator":{"name":"functions"},"function":{"name":"app"},"message":"[runtime-status] [2136] Running app in mode HTTPS"}}
[debug] [2020-05-23T07:20:20.122Z] [runtime-status] [2136] Attempting to listen to socketPath: \\?\pipe\E:\final year adming portal\functions\2136 {"metadata":{"emulator":{"name":"functions"},"function":{"name":"app"},"message":"[runtime-status] [2136] Attempting to listen to socketPath: \\\\?\\pipe\\E:\\final year adming portal\\functions\\2136"}}
[debug] [2020-05-23T07:20:20.130Z] [functions] Runtime ready! Sending request! {"metadata":{"emulator":{"name":"functions"},"message":"[functions] Runtime ready! Sending request!"}}
[debug] [2020-05-23T07:20:20.140Z] [runtime-status] [2136] Ephemeral server handling GET request {"metadata":{"emulator":{"name":"functions"},"function":{"name":"app"},"message":"[runtime-status] [2136] Ephemeral server handling GET request"}}
[debug] [2020-05-23T07:20:20.174Z] [runtime-status] [2136] Ephemeral server survived. {"metadata":{"emulator":{"name":"functions"},"function":{"name":"app"},"message":"[runtime-status] [2136] Ephemeral server survived."}}
[info] i  hosting: 127.0.0.1 - - [23/May/2020:07:20:20 +0000] "GET / HTTP/1.1" 200 5104 "-" "Mozilla/5.0 (Windows NT 10.0; Win64; x64) AppleWebKit/537.36 (KHTML, like Gecko) Chrome/81.0.4044.138 Safari/537.36" {"metadata":{"emulator":{"name":"hosting"},"message":"127.0.0.1 - - [23/May/2020:07:20:20 +0000] \"GET / HTTP/1.1\" 200 5104 \"-\" \"Mozilla/5.0 (Windows NT 10.0; Win64; x64) AppleWebKit/537.36 (KHTML, like Gecko) Chrome/81.0.4044.138 Safari/537.36\""}}
[info] i  functions: Finished "app" in ~1s {"metadata":{"emulator":{"name":"functions"},"function":{"name":"app"},"message":"Finished \"app\" in ~1s"}}
[debug] [2020-05-23T07:20:20.185Z] [worker-app-435181c5-4fdb-4355-aeaf-f94b80616361]: IDLE {"metadata":{"emulator":{"name":"functions"},"message":"[worker-app-435181c5-4fdb-4355-aeaf-f94b80616361]: IDLE"}}
[debug] [2020-05-23T07:20:20.186Z] [work-queue] {"queueLength":0,"workRunningCount":0}
[info] [hosting] Rewriting /main/users to http://localhost:5001/final-year-project-a89ff/us-central1/app for local Function app
[debug] [2020-05-23T07:21:58.694Z] [work-queue] {"queueLength":1,"workRunningCount":0}
[debug] [2020-05-23T07:21:58.695Z] [work-queue] {"queueLength":0,"workRunningCount":1}
[debug] [2020-05-23T07:21:58.695Z] Accepted request GET /final-year-project-a89ff/us-central1/app/main/users --> app
[debug] [2020-05-23T07:21:58.696Z] [worker-pool] submitWork(triggerId=app) {"metadata":{"emulator":{"name":"functions"},"message":"[worker-pool] submitWork(triggerId=app)"}}
[debug] [2020-05-23T07:21:58.696Z] [worker-app-435181c5-4fdb-4355-aeaf-f94b80616361]: Assigning socketPath: \\?\pipe\E:\final year adming portal\functions\2136 {"metadata":{"emulator":{"name":"functions"},"message":"[worker-app-435181c5-4fdb-4355-aeaf-f94b80616361]: Assigning socketPath: \\\\?\\pipe\\E:\\final year adming portal\\functions\\2136"}}
[debug] [2020-05-23T07:21:58.697Z] [worker-app-435181c5-4fdb-4355-aeaf-f94b80616361]: BUSY {"metadata":{"emulator":{"name":"functions"},"message":"[worker-app-435181c5-4fdb-4355-aeaf-f94b80616361]: BUSY"}}
[debug] [2020-05-23T07:21:58.699Z] [runtime-status] [2136] Trigger "app" has been found, beginning invocation! {"metadata":{"emulator":{"name":"functions"},"function":{"name":"app"},"message":"[runtime-status] [2136] Trigger \"app\" has been found, beginning invocation!"}}
[info] i  functions: Beginning execution of "app" {"metadata":{"emulator":{"name":"functions"},"function":{"name":"app"},"message":"Beginning execution of \"app\""}}
[debug] [2020-05-23T07:21:58.701Z] [runtime-status] [2136] triggerDefinition {"httpsTrigger":{},"name":"app","entryPoint":"app"} {"metadata":{"emulator":{"name":"functions"},"function":{"name":"app"},"message":"[runtime-status] [2136] triggerDefinition {\"httpsTrigger\":{},\"name\":\"app\",\"entryPoint\":\"app\"}"}}
[debug] [2020-05-23T07:21:58.702Z] [runtime-status] [2136] Running app in mode HTTPS {"metadata":{"emulator":{"name":"functions"},"function":{"name":"app"},"message":"[runtime-status] [2136] Running app in mode HTTPS"}}
[debug] [2020-05-23T07:21:58.703Z] [runtime-status] [2136] Attempting to listen to socketPath: \\?\pipe\E:\final year adming portal\functions\2136 {"metadata":{"emulator":{"name":"functions"},"function":{"name":"app"},"message":"[runtime-status] [2136] Attempting to listen to socketPath: \\\\?\\pipe\\E:\\final year adming portal\\functions\\2136"}}
[debug] [2020-05-23T07:21:58.706Z] [functions] Runtime ready! Sending request! {"metadata":{"emulator":{"name":"functions"},"message":"[functions] Runtime ready! Sending request!"}}
[debug] [2020-05-23T07:21:58.713Z] [runtime-status] [2136] Ephemeral server handling GET request {"metadata":{"emulator":{"name":"functions"},"function":{"name":"app"},"message":"[runtime-status] [2136] Ephemeral server handling GET request"}}
[debug] [2020-05-23T07:21:58.801Z] [runtime-status] [2136] Ephemeral server survived. {"metadata":{"emulator":{"name":"functions"},"function":{"name":"app"},"message":"[runtime-status] [2136] Ephemeral server survived."}}
[info] i  hosting: 127.0.0.1 - - [23/May/2020:07:21:58 +0000] "GET /main/users HTTP/1.1" 200 33364 "-" "Mozilla/5.0 (Windows NT 10.0; Win64; x64) AppleWebKit/537.36 (KHTML, like Gecko) Chrome/81.0.4044.138 Safari/537.36" {"metadata":{"emulator":{"name":"hosting"},"message":"127.0.0.1 - - [23/May/2020:07:21:58 +0000] \"GET /main/users HTTP/1.1\" 200 33364 \"-\" \"Mozilla/5.0 (Windows NT 10.0; Win64; x64) AppleWebKit/537.36 (KHTML, like Gecko) Chrome/81.0.4044.138 Safari/537.36\""}}
[info] i  functions: Finished "app" in ~1s {"metadata":{"emulator":{"name":"functions"},"function":{"name":"app"},"message":"Finished \"app\" in ~1s"}}
[debug] [2020-05-23T07:21:58.813Z] [worker-app-435181c5-4fdb-4355-aeaf-f94b80616361]: IDLE {"metadata":{"emulator":{"name":"functions"},"message":"[worker-app-435181c5-4fdb-4355-aeaf-f94b80616361]: IDLE"}}
[debug] [2020-05-23T07:21:58.814Z] [work-queue] {"queueLength":0,"workRunningCount":0}
[info] [hosting] Rewriting /vendor/jquery-3.2.1.min.js to http://localhost:5001/final-year-project-a89ff/us-central1/app for local Function app
[debug] [2020-05-23T07:21:58.930Z] [work-queue] {"queueLength":1,"workRunningCount":0}
[debug] [2020-05-23T07:21:58.930Z] [work-queue] {"queueLength":0,"workRunningCount":1}
[debug] [2020-05-23T07:21:58.930Z] Accepted request GET /final-year-project-a89ff/us-central1/app/vendor/jquery-3.2.1.min.js --> app
[debug] [2020-05-23T07:21:58.930Z] [worker-pool] submitWork(triggerId=app) {"metadata":{"emulator":{"name":"functions"},"message":"[worker-pool] submitWork(triggerId=app)"}}
[debug] [2020-05-23T07:21:58.930Z] [worker-app-435181c5-4fdb-4355-aeaf-f94b80616361]: Assigning socketPath: \\?\pipe\E:\final year adming portal\functions\2136 {"metadata":{"emulator":{"name":"functions"},"message":"[worker-app-435181c5-4fdb-4355-aeaf-f94b80616361]: Assigning socketPath: \\\\?\\pipe\\E:\\final year adming portal\\functions\\2136"}}
[debug] [2020-05-23T07:21:58.930Z] [worker-app-435181c5-4fdb-4355-aeaf-f94b80616361]: BUSY {"metadata":{"emulator":{"name":"functions"},"message":"[worker-app-435181c5-4fdb-4355-aeaf-f94b80616361]: BUSY"}}
[debug] [2020-05-23T07:21:58.931Z] [runtime-status] [2136] Trigger "app" has been found, beginning invocation! {"metadata":{"emulator":{"name":"functions"},"function":{"name":"app"},"message":"[runtime-status] [2136] Trigger \"app\" has been found, beginning invocation!"}}
[info] i  functions: Beginning execution of "app" {"metadata":{"emulator":{"name":"functions"},"function":{"name":"app"},"message":"Beginning execution of \"app\""}}
[debug] [2020-05-23T07:21:58.933Z] [runtime-status] [2136] triggerDefinition {"httpsTrigger":{},"name":"app","entryPoint":"app"} {"metadata":{"emulator":{"name":"functions"},"function":{"name":"app"},"message":"[runtime-status] [2136] triggerDefinition {\"httpsTrigger\":{},\"name\":\"app\",\"entryPoint\":\"app\"}"}}
[debug] [2020-05-23T07:21:58.934Z] [runtime-status] [2136] Running app in mode HTTPS {"metadata":{"emulator":{"name":"functions"},"function":{"name":"app"},"message":"[runtime-status] [2136] Running app in mode HTTPS"}}
[debug] [2020-05-23T07:21:58.934Z] [runtime-status] [2136] Attempting to listen to socketPath: \\?\pipe\E:\final year adming portal\functions\2136 {"metadata":{"emulator":{"name":"functions"},"function":{"name":"app"},"message":"[runtime-status] [2136] Attempting to listen to socketPath: \\\\?\\pipe\\E:\\final year adming portal\\functions\\2136"}}
[debug] [2020-05-23T07:21:58.937Z] [functions] Runtime ready! Sending request! {"metadata":{"emulator":{"name":"functions"},"message":"[functions] Runtime ready! Sending request!"}}
[debug] [2020-05-23T07:21:58.940Z] [runtime-status] [2136] Ephemeral server handling GET request {"metadata":{"emulator":{"name":"functions"},"function":{"name":"app"},"message":"[runtime-status] [2136] Ephemeral server handling GET request"}}
[debug] [2020-05-23T07:21:58.941Z] [runtime-status] [2136] Ephemeral server survived. {"metadata":{"emulator":{"name":"functions"},"function":{"name":"app"},"message":"[runtime-status] [2136] Ephemeral server survived."}}
[info] i  hosting: 127.0.0.1 - - [23/May/2020:07:21:58 +0000] "GET /vendor/jquery-3.2.1.min.js HTTP/1.1" 404 206 "http://localhost:5000/main/users" "Mozilla/5.0 (Windows NT 10.0; Win64; x64) AppleWebKit/537.36 (KHTML, like Gecko) Chrome/81.0.4044.138 Safari/537.36" {"metadata":{"emulator":{"name":"hosting"},"message":"127.0.0.1 - - [23/May/2020:07:21:58 +0000] \"GET /vendor/jquery-3.2.1.min.js HTTP/1.1\" 404 206 \"http://localhost:5000/main/users\" \"Mozilla/5.0 (Windows NT 10.0; Win64; x64) AppleWebKit/537.36 (KHTML, like Gecko) Chrome/81.0.4044.138 Safari/537.36\""}}
[info] i  functions: Finished "app" in ~1s {"metadata":{"emulator":{"name":"functions"},"function":{"name":"app"},"message":"Finished \"app\" in ~1s"}}
[debug] [2020-05-23T07:21:58.948Z] [worker-app-435181c5-4fdb-4355-aeaf-f94b80616361]: IDLE {"metadata":{"emulator":{"name":"functions"},"message":"[worker-app-435181c5-4fdb-4355-aeaf-f94b80616361]: IDLE"}}
[debug] [2020-05-23T07:21:58.949Z] [work-queue] {"queueLength":0,"workRunningCount":0}
